c:\users\xmolo\source\repos\advancedkeyboardlayout\advancedkeyboardlayout\debug\vc142.pdb
c:\users\xmolo\source\repos\advancedkeyboardlayout\advancedkeyboardlayout\debug\vc142.idb
c:\users\xmolo\source\repos\advancedkeyboardlayout\advancedkeyboardlayout\debug\popup.obj
c:\users\xmolo\source\repos\advancedkeyboardlayout\advancedkeyboardlayout\debug\advancedkeyboardlayout.obj
c:\users\xmolo\source\repos\advancedkeyboardlayout\advancedkeyboardlayout\debug\readfromexe.obj
c:\users\xmolo\source\repos\advancedkeyboardlayout\debug\advancedkeyboardlayout.pdb
c:\users\xmolo\source\repos\advancedkeyboardlayout\advancedkeyboardlayout\debug\advanced.9098451d.tlog\cl.command.1.tlog
c:\users\xmolo\source\repos\advancedkeyboardlayout\advancedkeyboardlayout\debug\advanced.9098451d.tlog\cl.read.1.tlog
c:\users\xmolo\source\repos\advancedkeyboardlayout\advancedkeyboardlayout\debug\advanced.9098451d.tlog\cl.write.1.tlog
c:\users\xmolo\source\repos\advancedkeyboardlayout\advancedkeyboardlayout\debug\advanced.9098451d.tlog\link-cvtres.read.1.tlog
c:\users\xmolo\source\repos\advancedkeyboardlayout\advancedkeyboardlayout\debug\advanced.9098451d.tlog\link-cvtres.write.1.tlog
c:\users\xmolo\source\repos\advancedkeyboardlayout\advancedkeyboardlayout\debug\advanced.9098451d.tlog\link-rc.read.1.tlog
c:\users\xmolo\source\repos\advancedkeyboardlayout\advancedkeyboardlayout\debug\advanced.9098451d.tlog\link-rc.write.1.tlog
c:\users\xmolo\source\repos\advancedkeyboardlayout\advancedkeyboardlayout\debug\advanced.9098451d.tlog\link.19984-cvtres.read.1.tlog
c:\users\xmolo\source\repos\advancedkeyboardlayout\advancedkeyboardlayout\debug\advanced.9098451d.tlog\link.19984-cvtres.write.1.tlog
c:\users\xmolo\source\repos\advancedkeyboardlayout\advancedkeyboardlayout\debug\advanced.9098451d.tlog\link.19984-rc.read.1.tlog
c:\users\xmolo\source\repos\advancedkeyboardlayout\advancedkeyboardlayout\debug\advanced.9098451d.tlog\link.19984-rc.write.1.tlog
c:\users\xmolo\source\repos\advancedkeyboardlayout\advancedkeyboardlayout\debug\advanced.9098451d.tlog\link.19984.read.1.tlog
c:\users\xmolo\source\repos\advancedkeyboardlayout\advancedkeyboardlayout\debug\advanced.9098451d.tlog\link.19984.write.1.tlog
c:\users\xmolo\source\repos\advancedkeyboardlayout\advancedkeyboardlayout\debug\advanced.9098451d.tlog\link.command.1.tlog
c:\users\xmolo\source\repos\advancedkeyboardlayout\advancedkeyboardlayout\debug\advanced.9098451d.tlog\link.read.1.tlog
c:\users\xmolo\source\repos\advancedkeyboardlayout\advancedkeyboardlayout\debug\advanced.9098451d.tlog\link.write.1.tlog
